<?xml version="1.0" encoding="UTF-8"?>
<!-- Generated by org.testng.reporters.JUnitReportReporter -->
<testsuite hostname="DESKTOP-PQ2O7UF" name="SQL.AnotherJustTest" tests="1" failures="0" timestamp="6 Jul 2017 08:18:40 GMT" time="0.021" errors="0">
  <testcase name="run" time="0.021" classname="SQL.AnotherJustTest"/>
</testsuite> <!-- SQL.AnotherJustTest -->
